<?xml version="1.0" encoding="UTF-8"?>
<testsuite name="Test" tests="1" skipped="0" failures="0" errors="0" timestamp="2023-09-20T23:01:40" hostname="DESKTOP-Q81A1FT" time="0.06">
  <properties/>
  <testcase name="testSolution()" classname="Test" time="0.06"/>
  <system-out><![CDATA[]]></system-out>
  <system-err><![CDATA[]]></system-err>
</testsuite>
